[0.484s] Invoking command in '/home/yoon/ros2_tracking/src/my_tracking_package': PYTHONPATH=/home/yoon/ros2_tracking/build/my_tracking_package/prefix_override:/home/yoon/ros2_tracking/install/my_tracking_package/lib/python3.8/site-packages:${PYTHONPATH} /usr/bin/python3 -W ignore:setup.py install is deprecated setup.py egg_info --egg-base ../../build/my_tracking_package build --build-base /home/yoon/ros2_tracking/build/my_tracking_package/build install --record /home/yoon/ros2_tracking/build/my_tracking_package/install.log --single-version-externally-managed install_data
[0.631s] running egg_info
[0.641s] writing ../../build/my_tracking_package/my_tracking_package.egg-info/PKG-INFO
[0.641s] writing dependency_links to ../../build/my_tracking_package/my_tracking_package.egg-info/dependency_links.txt
[0.641s] writing entry points to ../../build/my_tracking_package/my_tracking_package.egg-info/entry_points.txt
[0.641s] writing requirements to ../../build/my_tracking_package/my_tracking_package.egg-info/requires.txt
[0.641s] writing top-level names to ../../build/my_tracking_package/my_tracking_package.egg-info/top_level.txt
[0.714s] reading manifest file '../../build/my_tracking_package/my_tracking_package.egg-info/SOURCES.txt'
[0.714s] writing manifest file '../../build/my_tracking_package/my_tracking_package.egg-info/SOURCES.txt'
[0.714s] running build
[0.714s] running build_py
[0.714s] copying my_tracking_package/object_tracking_node.py -> /home/yoon/ros2_tracking/build/my_tracking_package/build/lib/my_tracking_package
[0.714s] copying my_tracking_package/__init__.py -> /home/yoon/ros2_tracking/build/my_tracking_package/build/lib/my_tracking_package
[0.714s] copying my_tracking_package/turtlebot_move_node.py -> /home/yoon/ros2_tracking/build/my_tracking_package/build/lib/my_tracking_package
[0.715s] copying my_tracking_package/marker_tracking_turtlebot4_node.py -> /home/yoon/ros2_tracking/build/my_tracking_package/build/lib/my_tracking_package
[0.715s] copying my_tracking_package/turtlebot_controller_node.py -> /home/yoon/ros2_tracking/build/my_tracking_package/build/lib/my_tracking_package
[0.715s] running install
[0.718s] running install_lib
[0.727s] running install_data
[0.727s] copying resource/my_tracking_package -> /home/yoon/ros2_tracking/install/my_tracking_package/share/ament_index/resource_index/packages
[0.727s] copying package.xml -> /home/yoon/ros2_tracking/install/my_tracking_package/share/my_tracking_package
[0.727s] running install_egg_info
[0.737s] removing '/home/yoon/ros2_tracking/install/my_tracking_package/lib/python3.8/site-packages/my_tracking_package-0.0.0-py3.8.egg-info' (and everything under it)
[0.738s] Copying ../../build/my_tracking_package/my_tracking_package.egg-info to /home/yoon/ros2_tracking/install/my_tracking_package/lib/python3.8/site-packages/my_tracking_package-0.0.0-py3.8.egg-info
[0.738s] running install_scripts
[0.761s] Installing marker_tracking_turtlebot4_node script to /home/yoon/ros2_tracking/install/my_tracking_package/lib/my_tracking_package
[0.761s] Installing object_tracking_node script to /home/yoon/ros2_tracking/install/my_tracking_package/lib/my_tracking_package
[0.761s] Installing turtlebot_controller_node script to /home/yoon/ros2_tracking/install/my_tracking_package/lib/my_tracking_package
[0.761s] Installing turtlebot_move_node script to /home/yoon/ros2_tracking/install/my_tracking_package/lib/my_tracking_package
[0.761s] writing list of installed files to '/home/yoon/ros2_tracking/build/my_tracking_package/install.log'
[0.775s] Invoked command in '/home/yoon/ros2_tracking/src/my_tracking_package' returned '0': PYTHONPATH=/home/yoon/ros2_tracking/build/my_tracking_package/prefix_override:/home/yoon/ros2_tracking/install/my_tracking_package/lib/python3.8/site-packages:${PYTHONPATH} /usr/bin/python3 -W ignore:setup.py install is deprecated setup.py egg_info --egg-base ../../build/my_tracking_package build --build-base /home/yoon/ros2_tracking/build/my_tracking_package/build install --record /home/yoon/ros2_tracking/build/my_tracking_package/install.log --single-version-externally-managed install_data
