[0.473s] Invoking command in '/home/yoon/ros2_tracking/src/my_tracking_package': PYTHONPATH=/home/yoon/ros2_tracking/build/my_tracking_package/prefix_override:/home/yoon/ros2_tracking/install/my_tracking_package/lib/python3.8/site-packages:${PYTHONPATH} /usr/bin/python3 -W ignore:setup.py install is deprecated setup.py egg_info --egg-base ../../build/my_tracking_package build --build-base /home/yoon/ros2_tracking/build/my_tracking_package/build install --record /home/yoon/ros2_tracking/build/my_tracking_package/install.log --single-version-externally-managed install_data
[0.616s] running egg_info
[0.625s] writing ../../build/my_tracking_package/my_tracking_package.egg-info/PKG-INFO
[0.625s] writing dependency_links to ../../build/my_tracking_package/my_tracking_package.egg-info/dependency_links.txt
[0.625s] writing entry points to ../../build/my_tracking_package/my_tracking_package.egg-info/entry_points.txt
[0.625s] writing requirements to ../../build/my_tracking_package/my_tracking_package.egg-info/requires.txt
[0.625s] writing top-level names to ../../build/my_tracking_package/my_tracking_package.egg-info/top_level.txt
[0.696s] reading manifest file '../../build/my_tracking_package/my_tracking_package.egg-info/SOURCES.txt'
[0.697s] writing manifest file '../../build/my_tracking_package/my_tracking_package.egg-info/SOURCES.txt'
[0.697s] running build
[0.697s] running build_py
[0.697s] copying my_tracking_package/object_tracking_node.py -> /home/yoon/ros2_tracking/build/my_tracking_package/build/lib/my_tracking_package
[0.697s] copying my_tracking_package/__init__.py -> /home/yoon/ros2_tracking/build/my_tracking_package/build/lib/my_tracking_package
[0.697s] copying my_tracking_package/turtlebot_move_node.py -> /home/yoon/ros2_tracking/build/my_tracking_package/build/lib/my_tracking_package
[0.697s] running install
[0.700s] running install_lib
[0.709s] copying /home/yoon/ros2_tracking/build/my_tracking_package/build/lib/my_tracking_package/object_tracking_node.py -> /home/yoon/ros2_tracking/install/my_tracking_package/lib/python3.8/site-packages/my_tracking_package
[0.709s] copying /home/yoon/ros2_tracking/build/my_tracking_package/build/lib/my_tracking_package/turtlebot_move_node.py -> /home/yoon/ros2_tracking/install/my_tracking_package/lib/python3.8/site-packages/my_tracking_package
[0.709s] byte-compiling /home/yoon/ros2_tracking/install/my_tracking_package/lib/python3.8/site-packages/my_tracking_package/object_tracking_node.py to object_tracking_node.cpython-38.pyc
[0.710s] byte-compiling /home/yoon/ros2_tracking/install/my_tracking_package/lib/python3.8/site-packages/my_tracking_package/turtlebot_move_node.py to turtlebot_move_node.cpython-38.pyc
[0.710s] running install_data
[0.710s] copying resource/my_tracking_package -> /home/yoon/ros2_tracking/install/my_tracking_package/share/ament_index/resource_index/packages
[0.710s] copying package.xml -> /home/yoon/ros2_tracking/install/my_tracking_package/share/my_tracking_package
[0.710s] running install_egg_info
[0.720s] removing '/home/yoon/ros2_tracking/install/my_tracking_package/lib/python3.8/site-packages/my_tracking_package-0.0.0-py3.8.egg-info' (and everything under it)
[0.720s] Copying ../../build/my_tracking_package/my_tracking_package.egg-info to /home/yoon/ros2_tracking/install/my_tracking_package/lib/python3.8/site-packages/my_tracking_package-0.0.0-py3.8.egg-info
[0.720s] running install_scripts
[0.742s] Installing object_tracking_node script to /home/yoon/ros2_tracking/install/my_tracking_package/lib/my_tracking_package
[0.742s] Installing turtlebot_move_node script to /home/yoon/ros2_tracking/install/my_tracking_package/lib/my_tracking_package
[0.742s] writing list of installed files to '/home/yoon/ros2_tracking/build/my_tracking_package/install.log'
[0.756s] Invoked command in '/home/yoon/ros2_tracking/src/my_tracking_package' returned '0': PYTHONPATH=/home/yoon/ros2_tracking/build/my_tracking_package/prefix_override:/home/yoon/ros2_tracking/install/my_tracking_package/lib/python3.8/site-packages:${PYTHONPATH} /usr/bin/python3 -W ignore:setup.py install is deprecated setup.py egg_info --egg-base ../../build/my_tracking_package build --build-base /home/yoon/ros2_tracking/build/my_tracking_package/build install --record /home/yoon/ros2_tracking/build/my_tracking_package/install.log --single-version-externally-managed install_data
