[0.871s] Invoking command in '/home/yoon/ros2_tracking/src/my_tracking_package': PYTHONPATH=/home/yoon/ros2_tracking/build/my_tracking_package/prefix_override:/home/yoon/ros2_tracking/install/my_tracking_package/lib/python3.8/site-packages:${PYTHONPATH} /usr/bin/python3 -W ignore:setup.py install is deprecated setup.py egg_info --egg-base ../../build/my_tracking_package build --build-base /home/yoon/ros2_tracking/build/my_tracking_package/build install --record /home/yoon/ros2_tracking/build/my_tracking_package/install.log --single-version-externally-managed install_data
[1.141s] running egg_info
[1.158s] writing ../../build/my_tracking_package/my_tracking_package.egg-info/PKG-INFO
[1.159s] writing dependency_links to ../../build/my_tracking_package/my_tracking_package.egg-info/dependency_links.txt
[1.159s] writing entry points to ../../build/my_tracking_package/my_tracking_package.egg-info/entry_points.txt
[1.159s] writing requirements to ../../build/my_tracking_package/my_tracking_package.egg-info/requires.txt
[1.159s] writing top-level names to ../../build/my_tracking_package/my_tracking_package.egg-info/top_level.txt
[1.300s] reading manifest file '../../build/my_tracking_package/my_tracking_package.egg-info/SOURCES.txt'
[1.301s] writing manifest file '../../build/my_tracking_package/my_tracking_package.egg-info/SOURCES.txt'
[1.301s] running build
[1.301s] running build_py
[1.301s] copying my_tracking_package/object_tracking_node.py -> /home/yoon/ros2_tracking/build/my_tracking_package/build/lib/my_tracking_package
[1.301s] copying my_tracking_package/__init__.py -> /home/yoon/ros2_tracking/build/my_tracking_package/build/lib/my_tracking_package
[1.302s] copying my_tracking_package/turtlebot_move_node.py -> /home/yoon/ros2_tracking/build/my_tracking_package/build/lib/my_tracking_package
[1.302s] copying my_tracking_package/marker_tracking_turtlebot4_node.py -> /home/yoon/ros2_tracking/build/my_tracking_package/build/lib/my_tracking_package
[1.302s] copying my_tracking_package/turtlebot_controller_node.py -> /home/yoon/ros2_tracking/build/my_tracking_package/build/lib/my_tracking_package
[1.302s] running install
[1.307s] running install_lib
[1.325s] copying /home/yoon/ros2_tracking/build/my_tracking_package/build/lib/my_tracking_package/marker_tracking_turtlebot4_node.py -> /home/yoon/ros2_tracking/install/my_tracking_package/lib/python3.8/site-packages/my_tracking_package
[1.326s] byte-compiling /home/yoon/ros2_tracking/install/my_tracking_package/lib/python3.8/site-packages/my_tracking_package/marker_tracking_turtlebot4_node.py to marker_tracking_turtlebot4_node.cpython-38.pyc
[1.327s] running install_data
[1.327s] copying resource/my_tracking_package -> /home/yoon/ros2_tracking/install/my_tracking_package/share/ament_index/resource_index/packages
[1.328s] copying package.xml -> /home/yoon/ros2_tracking/install/my_tracking_package/share/my_tracking_package
[1.328s] running install_egg_info
[1.346s] removing '/home/yoon/ros2_tracking/install/my_tracking_package/lib/python3.8/site-packages/my_tracking_package-0.0.0-py3.8.egg-info' (and everything under it)
[1.346s] Copying ../../build/my_tracking_package/my_tracking_package.egg-info to /home/yoon/ros2_tracking/install/my_tracking_package/lib/python3.8/site-packages/my_tracking_package-0.0.0-py3.8.egg-info
[1.347s] running install_scripts
[1.390s] Installing marker_tracking_turtlebot4_node script to /home/yoon/ros2_tracking/install/my_tracking_package/lib/my_tracking_package
[1.390s] Installing object_tracking_node script to /home/yoon/ros2_tracking/install/my_tracking_package/lib/my_tracking_package
[1.390s] Installing turtlebot_controller_node script to /home/yoon/ros2_tracking/install/my_tracking_package/lib/my_tracking_package
[1.390s] Installing turtlebot_move_node script to /home/yoon/ros2_tracking/install/my_tracking_package/lib/my_tracking_package
[1.390s] writing list of installed files to '/home/yoon/ros2_tracking/build/my_tracking_package/install.log'
[1.413s] Invoked command in '/home/yoon/ros2_tracking/src/my_tracking_package' returned '0': PYTHONPATH=/home/yoon/ros2_tracking/build/my_tracking_package/prefix_override:/home/yoon/ros2_tracking/install/my_tracking_package/lib/python3.8/site-packages:${PYTHONPATH} /usr/bin/python3 -W ignore:setup.py install is deprecated setup.py egg_info --egg-base ../../build/my_tracking_package build --build-base /home/yoon/ros2_tracking/build/my_tracking_package/build install --record /home/yoon/ros2_tracking/build/my_tracking_package/install.log --single-version-externally-managed install_data
