/home/yoon/ros2_tracking/install/my_tracking_package/lib/python3.8/site-packages/my_tracking_package/object_tracking_node.py
/home/yoon/ros2_tracking/install/my_tracking_package/lib/python3.8/site-packages/my_tracking_package/__init__.py
/home/yoon/ros2_tracking/install/my_tracking_package/lib/python3.8/site-packages/my_tracking_package/turtlebot_move_node.py
/home/yoon/ros2_tracking/install/my_tracking_package/lib/python3.8/site-packages/my_tracking_package/marker_tracking_turtlebot4_node.py
/home/yoon/ros2_tracking/install/my_tracking_package/lib/python3.8/site-packages/my_tracking_package/turtlebot_controller_node.py
/home/yoon/ros2_tracking/install/my_tracking_package/lib/python3.8/site-packages/my_tracking_package/__pycache__/object_tracking_node.cpython-38.pyc
/home/yoon/ros2_tracking/install/my_tracking_package/lib/python3.8/site-packages/my_tracking_package/__pycache__/__init__.cpython-38.pyc
/home/yoon/ros2_tracking/install/my_tracking_package/lib/python3.8/site-packages/my_tracking_package/__pycache__/turtlebot_move_node.cpython-38.pyc
/home/yoon/ros2_tracking/install/my_tracking_package/lib/python3.8/site-packages/my_tracking_package/__pycache__/marker_tracking_turtlebot4_node.cpython-38.pyc
/home/yoon/ros2_tracking/install/my_tracking_package/lib/python3.8/site-packages/my_tracking_package/__pycache__/turtlebot_controller_node.cpython-38.pyc
/home/yoon/ros2_tracking/install/my_tracking_package/share/ament_index/resource_index/packages/my_tracking_package
/home/yoon/ros2_tracking/install/my_tracking_package/share/my_tracking_package/package.xml
/home/yoon/ros2_tracking/install/my_tracking_package/lib/python3.8/site-packages/my_tracking_package-0.0.0-py3.8.egg-info/PKG-INFO
/home/yoon/ros2_tracking/install/my_tracking_package/lib/python3.8/site-packages/my_tracking_package-0.0.0-py3.8.egg-info/top_level.txt
/home/yoon/ros2_tracking/install/my_tracking_package/lib/python3.8/site-packages/my_tracking_package-0.0.0-py3.8.egg-info/requires.txt
/home/yoon/ros2_tracking/install/my_tracking_package/lib/python3.8/site-packages/my_tracking_package-0.0.0-py3.8.egg-info/SOURCES.txt
/home/yoon/ros2_tracking/install/my_tracking_package/lib/python3.8/site-packages/my_tracking_package-0.0.0-py3.8.egg-info/dependency_links.txt
/home/yoon/ros2_tracking/install/my_tracking_package/lib/python3.8/site-packages/my_tracking_package-0.0.0-py3.8.egg-info/zip-safe
/home/yoon/ros2_tracking/install/my_tracking_package/lib/python3.8/site-packages/my_tracking_package-0.0.0-py3.8.egg-info/entry_points.txt
/home/yoon/ros2_tracking/install/my_tracking_package/lib/my_tracking_package/marker_tracking_turtlebot4_node
/home/yoon/ros2_tracking/install/my_tracking_package/lib/my_tracking_package/object_tracking_node
/home/yoon/ros2_tracking/install/my_tracking_package/lib/my_tracking_package/turtlebot_controller_node
/home/yoon/ros2_tracking/install/my_tracking_package/lib/my_tracking_package/turtlebot_move_node
