running egg_info
creating ../../build/my_tracking_package/my_tracking_package.egg-info
writing ../../build/my_tracking_package/my_tracking_package.egg-info/PKG-INFO
writing dependency_links to ../../build/my_tracking_package/my_tracking_package.egg-info/dependency_links.txt
writing entry points to ../../build/my_tracking_package/my_tracking_package.egg-info/entry_points.txt
writing requirements to ../../build/my_tracking_package/my_tracking_package.egg-info/requires.txt
writing top-level names to ../../build/my_tracking_package/my_tracking_package.egg-info/top_level.txt
writing manifest file '../../build/my_tracking_package/my_tracking_package.egg-info/SOURCES.txt'
reading manifest file '../../build/my_tracking_package/my_tracking_package.egg-info/SOURCES.txt'
writing manifest file '../../build/my_tracking_package/my_tracking_package.egg-info/SOURCES.txt'
running build
running build_py
creating /home/yoon/ros2_tracking/build/my_tracking_package/build
creating /home/yoon/ros2_tracking/build/my_tracking_package/build/lib
creating /home/yoon/ros2_tracking/build/my_tracking_package/build/lib/my_tracking_package
copying my_tracking_package/object_tracking_node.py -> /home/yoon/ros2_tracking/build/my_tracking_package/build/lib/my_tracking_package
copying my_tracking_package/__init__.py -> /home/yoon/ros2_tracking/build/my_tracking_package/build/lib/my_tracking_package
running install
running install_lib
creating /home/yoon/ros2_tracking/install/my_tracking_package/lib/python3.8/site-packages/my_tracking_package
copying /home/yoon/ros2_tracking/build/my_tracking_package/build/lib/my_tracking_package/object_tracking_node.py -> /home/yoon/ros2_tracking/install/my_tracking_package/lib/python3.8/site-packages/my_tracking_package
copying /home/yoon/ros2_tracking/build/my_tracking_package/build/lib/my_tracking_package/__init__.py -> /home/yoon/ros2_tracking/install/my_tracking_package/lib/python3.8/site-packages/my_tracking_package
byte-compiling /home/yoon/ros2_tracking/install/my_tracking_package/lib/python3.8/site-packages/my_tracking_package/object_tracking_node.py to object_tracking_node.cpython-38.pyc
byte-compiling /home/yoon/ros2_tracking/install/my_tracking_package/lib/python3.8/site-packages/my_tracking_package/__init__.py to __init__.cpython-38.pyc
running install_data
creating /home/yoon/ros2_tracking/install/my_tracking_package/share/ament_index
creating /home/yoon/ros2_tracking/install/my_tracking_package/share/ament_index/resource_index
creating /home/yoon/ros2_tracking/install/my_tracking_package/share/ament_index/resource_index/packages
copying resource/my_tracking_package -> /home/yoon/ros2_tracking/install/my_tracking_package/share/ament_index/resource_index/packages
copying package.xml -> /home/yoon/ros2_tracking/install/my_tracking_package/share/my_tracking_package
running install_egg_info
Copying ../../build/my_tracking_package/my_tracking_package.egg-info to /home/yoon/ros2_tracking/install/my_tracking_package/lib/python3.8/site-packages/my_tracking_package-0.0.0-py3.8.egg-info
running install_scripts
Installing object_tracking_node script to /home/yoon/ros2_tracking/install/my_tracking_package/lib/my_tracking_package
writing list of installed files to '/home/yoon/ros2_tracking/build/my_tracking_package/install.log'
