[0.408s] Invoking command in '/home/yoon/ros2_tracking/src/my_tracking_package': PYTHONPATH=/home/yoon/ros2_tracking/build/my_tracking_package/prefix_override:/home/yoon/ros2_tracking/install/my_tracking_package/lib/python3.8/site-packages: /usr/bin/python3 -W ignore:setup.py install is deprecated setup.py egg_info --egg-base ../../build/my_tracking_package build --build-base /home/yoon/ros2_tracking/build/my_tracking_package/build install --record /home/yoon/ros2_tracking/build/my_tracking_package/install.log --single-version-externally-managed install_data
[0.533s] running egg_info
[0.539s] writing ../../build/my_tracking_package/my_tracking_package.egg-info/PKG-INFO
[0.540s] writing dependency_links to ../../build/my_tracking_package/my_tracking_package.egg-info/dependency_links.txt
[0.540s] writing entry points to ../../build/my_tracking_package/my_tracking_package.egg-info/entry_points.txt
[0.540s] writing requirements to ../../build/my_tracking_package/my_tracking_package.egg-info/requires.txt
[0.540s] writing top-level names to ../../build/my_tracking_package/my_tracking_package.egg-info/top_level.txt
[0.596s] reading manifest file '../../build/my_tracking_package/my_tracking_package.egg-info/SOURCES.txt'
[0.596s] writing manifest file '../../build/my_tracking_package/my_tracking_package.egg-info/SOURCES.txt'
[0.596s] running build
[0.596s] running build_py
[0.597s] copying my_tracking_package/object_tracking_node.py -> /home/yoon/ros2_tracking/build/my_tracking_package/build/lib/my_tracking_package
[0.597s] copying my_tracking_package/__init__.py -> /home/yoon/ros2_tracking/build/my_tracking_package/build/lib/my_tracking_package
[0.597s] copying my_tracking_package/turtlebot_move_node.py -> /home/yoon/ros2_tracking/build/my_tracking_package/build/lib/my_tracking_package
[0.597s] copying my_tracking_package/marker_tracking_turtlebot4_node.py -> /home/yoon/ros2_tracking/build/my_tracking_package/build/lib/my_tracking_package
[0.597s] copying my_tracking_package/turtlebot_controller_node.py -> /home/yoon/ros2_tracking/build/my_tracking_package/build/lib/my_tracking_package
[0.597s] running install
[0.600s] running install_lib
[0.607s] copying /home/yoon/ros2_tracking/build/my_tracking_package/build/lib/my_tracking_package/turtlebot_controller_node.py -> /home/yoon/ros2_tracking/install/my_tracking_package/lib/python3.8/site-packages/my_tracking_package
[0.607s] byte-compiling /home/yoon/ros2_tracking/install/my_tracking_package/lib/python3.8/site-packages/my_tracking_package/turtlebot_controller_node.py to turtlebot_controller_node.cpython-38.pyc
[0.607s] running install_data
[0.607s] copying resource/my_tracking_package -> /home/yoon/ros2_tracking/install/my_tracking_package/share/ament_index/resource_index/packages
[0.607s] copying package.xml -> /home/yoon/ros2_tracking/install/my_tracking_package/share/my_tracking_package
[0.607s] running install_egg_info
[0.615s] removing '/home/yoon/ros2_tracking/install/my_tracking_package/lib/python3.8/site-packages/my_tracking_package-0.0.0-py3.8.egg-info' (and everything under it)
[0.615s] Copying ../../build/my_tracking_package/my_tracking_package.egg-info to /home/yoon/ros2_tracking/install/my_tracking_package/lib/python3.8/site-packages/my_tracking_package-0.0.0-py3.8.egg-info
[0.615s] running install_scripts
[0.633s] Installing marker_tracking_turtlebot4_node script to /home/yoon/ros2_tracking/install/my_tracking_package/lib/my_tracking_package
[0.633s] Installing object_tracking_node script to /home/yoon/ros2_tracking/install/my_tracking_package/lib/my_tracking_package
[0.633s] Installing turtlebot_controller_node script to /home/yoon/ros2_tracking/install/my_tracking_package/lib/my_tracking_package
[0.634s] Installing turtlebot_move_node script to /home/yoon/ros2_tracking/install/my_tracking_package/lib/my_tracking_package
[0.634s] writing list of installed files to '/home/yoon/ros2_tracking/build/my_tracking_package/install.log'
[0.648s] Invoked command in '/home/yoon/ros2_tracking/src/my_tracking_package' returned '0': PYTHONPATH=/home/yoon/ros2_tracking/build/my_tracking_package/prefix_override:/home/yoon/ros2_tracking/install/my_tracking_package/lib/python3.8/site-packages: /usr/bin/python3 -W ignore:setup.py install is deprecated setup.py egg_info --egg-base ../../build/my_tracking_package build --build-base /home/yoon/ros2_tracking/build/my_tracking_package/build install --record /home/yoon/ros2_tracking/build/my_tracking_package/install.log --single-version-externally-managed install_data
